<?xml version="1.0" encoding="UTF-8"?>
<!-- Generated by org.testng.reporters.JUnitXMLReporter -->
<testsuite hostname="Familys-MBP.attlocal.net" name="Default test" tests="4" failures="0" timestamp="9 Mar 2020 22:09:20 GMT" time="0.034" errors="0">
  <testcase name="add" time="0.01" classname="com.qa.test.DemoTest"/>
  <testcase name="div" time="0.001" classname="com.qa.test.DemoTest"/>
  <testcase name="mul" time="0.001" classname="com.qa.test.DemoTest"/>
  <testcase name="sub" time="0.001" classname="com.qa.test.DemoTest"/>
</testsuite> <!-- Default test -->
