<?xml version="1.0" encoding="UTF-8"?>
<!-- Generated by org.testng.reporters.JUnitXMLReporter -->
<testsuite hostname="Familys-MBP.attlocal.net" name="Command line test" tests="4" failures="0" timestamp="9 Mar 2020 23:53:48 GMT" time="0.023" errors="0">
  <testcase name="add" time="0.009" classname="com.qa.test.DemoTest"/>
  <testcase name="div" time="0.002" classname="com.qa.test.DemoTest"/>
  <testcase name="mul" time="0.0" classname="com.qa.test.DemoTest"/>
  <testcase name="sub" time="0.0" classname="com.qa.test.DemoTest"/>
</testsuite> <!-- Command line test -->
