<?xml version="1.0" encoding="UTF-8"?>
<testng-results skipped="0" failed="0" total="4" passed="4">
  <reporter-output>
  </reporter-output>
  <suite name="com.qa.test.DemoTest" duration-ms="23" started-at="2020-03-09T23:53:48Z" finished-at="2020-03-09T23:53:48Z">
    <groups>
    </groups>
    <test name="Command line test" duration-ms="23" started-at="2020-03-09T23:53:48Z" finished-at="2020-03-09T23:53:48Z">
      <class name="com.qa.test.DemoTest">
        <test-method status="PASS" signature="add()[pri:0, instance:com.qa.test.DemoTest@2133c8f8]" name="add" duration-ms="9" started-at="2020-03-09T16:53:48Z" finished-at="2020-03-09T16:53:48Z">
          <reporter-output>
          </reporter-output>
        </test-method> <!-- add -->
        <test-method status="PASS" signature="div()[pri:0, instance:com.qa.test.DemoTest@2133c8f8]" name="div" duration-ms="2" started-at="2020-03-09T16:53:48Z" finished-at="2020-03-09T16:53:48Z">
          <reporter-output>
          </reporter-output>
        </test-method> <!-- div -->
        <test-method status="PASS" signature="mul()[pri:0, instance:com.qa.test.DemoTest@2133c8f8]" name="mul" duration-ms="0" started-at="2020-03-09T16:53:48Z" finished-at="2020-03-09T16:53:48Z">
          <reporter-output>
          </reporter-output>
        </test-method> <!-- mul -->
        <test-method status="PASS" signature="sub()[pri:0, instance:com.qa.test.DemoTest@2133c8f8]" name="sub" duration-ms="0" started-at="2020-03-09T16:53:48Z" finished-at="2020-03-09T16:53:48Z">
          <reporter-output>
          </reporter-output>
        </test-method> <!-- sub -->
      </class> <!-- com.qa.test.DemoTest -->
    </test> <!-- Command line test -->
  </suite> <!-- com.qa.test.DemoTest -->
</testng-results>
